{"/home/qibla/Projects/assignments/mern/mern-server/server.js": {"path":"/home/qibla/Projects/assignments/mern/mern-server/server.js","statementMap":{"0":{"start":{"line":1,"column":16},"end":{"line":1,"column":34}},"1":{"start":{"line":2,"column":12},"end":{"line":2,"column":21}},"2":{"start":{"line":3,"column":15},"end":{"line":3,"column":30}},"3":{"start":{"line":4,"column":17},"end":{"line":4,"column":36}},"4":{"start":{"line":5,"column":13},"end":{"line":5,"column":28}},"5":{"start":{"line":7,"column":0},"end":{"line":7,"column":15}},"6":{"start":{"line":9,"column":0},"end":{"line":15,"column":2}},"7":{"start":{"line":10,"column":4},"end":{"line":14,"column":5}},"8":{"start":{"line":11,"column":8},"end":{"line":11,"column":56}},"9":{"start":{"line":13,"column":8},"end":{"line":13,"column":45}},"10":{"start":{"line":17,"column":0},"end":{"line":17,"column":46}},"11":{"start":{"line":18,"column":0},"end":{"line":18,"column":42}},"12":{"start":{"line":19,"column":0},"end":{"line":19,"column":48}},"13":{"start":{"line":21,"column":0},"end":{"line":23,"column":2}},"14":{"start":{"line":22,"column":4},"end":{"line":22,"column":44}},"15":{"start":{"line":25,"column":13},"end":{"line":25,"column":37}},"16":{"start":{"line":27,"column":0},"end":{"line":27,"column":66}},"17":{"start":{"line":27,"column":23},"end":{"line":27,"column":65}}},"fnMap":{"0":{"name":"(anonymous_0)","decl":{"start":{"line":9,"column":25},"end":{"line":9,"column":26}},"loc":{"start":{"line":9,"column":34},"end":{"line":15,"column":1}},"line":9},"1":{"name":"(anonymous_1)","decl":{"start":{"line":21,"column":13},"end":{"line":21,"column":14}},"loc":{"start":{"line":21,"column":27},"end":{"line":23,"column":1}},"line":21},"2":{"name":"(anonymous_2)","decl":{"start":{"line":27,"column":17},"end":{"line":27,"column":18}},"loc":{"start":{"line":27,"column":23},"end":{"line":27,"column":65}},"line":27}},"branchMap":{"0":{"loc":{"start":{"line":10,"column":4},"end":{"line":14,"column":5}},"type":"if","locations":[{"start":{"line":10,"column":4},"end":{"line":14,"column":5}},{"start":{"line":10,"column":4},"end":{"line":14,"column":5}}],"line":10},"1":{"loc":{"start":{"line":25,"column":13},"end":{"line":25,"column":37}},"type":"binary-expr","locations":[{"start":{"line":25,"column":13},"end":{"line":25,"column":29}},{"start":{"line":25,"column":33},"end":{"line":25,"column":37}}],"line":25}},"s":{"0":0,"1":0,"2":0,"3":0,"4":0,"5":0,"6":0,"7":0,"8":0,"9":0,"10":0,"11":0,"12":0,"13":0,"14":0,"15":0,"16":0,"17":0},"f":{"0":0,"1":0,"2":0},"b":{"0":[0,0],"1":[0,0]}}
,"/home/qibla/Projects/assignments/mern/mern-server/api/init.js": {"path":"/home/qibla/Projects/assignments/mern/mern-server/api/init.js","statementMap":{"0":{"start":{"line":1,"column":17},"end":{"line":1,"column":36}}},"fnMap":{},"branchMap":{},"s":{"0":0},"f":{},"b":{}}
,"/home/qibla/Projects/assignments/mern/mern-server/db/index.js": {"path":"/home/qibla/Projects/assignments/mern/mern-server/db/index.js","statementMap":{"0":{"start":{"line":1,"column":0},"end":{"line":1,"column":26}},"1":{"start":{"line":3,"column":15},"end":{"line":3,"column":108}},"2":{"start":{"line":5,"column":0},"end":{"line":5,"column":23}}},"fnMap":{},"branchMap":{},"s":{"0":0,"1":0,"2":0},"f":{},"b":{}}
,"/home/qibla/Projects/assignments/mern/mern-server/models/ClientModel.js": {"path":"/home/qibla/Projects/assignments/mern/mern-server/models/ClientModel.js","statementMap":{"0":{"start":{"line":1,"column":17},"end":{"line":1,"column":36}},"1":{"start":{"line":2,"column":15},"end":{"line":2,"column":30}},"2":{"start":{"line":3,"column":25},"end":{"line":3,"column":56}},"3":{"start":{"line":5,"column":21},"end":{"line":9,"column":2}},"4":{"start":{"line":11,"column":0},"end":{"line":11,"column":37}},"5":{"start":{"line":13,"column":0},"end":{"line":13,"column":55}}},"fnMap":{},"branchMap":{},"s":{"0":0,"1":0,"2":0,"3":0,"4":0,"5":0},"f":{},"b":{}}
,"/home/qibla/Projects/assignments/mern/mern-server/models/PhotoModel.js": {"path":"/home/qibla/Projects/assignments/mern/mern-server/models/PhotoModel.js","statementMap":{"0":{"start":{"line":1,"column":17},"end":{"line":1,"column":36}},"1":{"start":{"line":2,"column":15},"end":{"line":2,"column":30}},"2":{"start":{"line":3,"column":25},"end":{"line":3,"column":56}},"3":{"start":{"line":5,"column":20},"end":{"line":9,"column":2}},"4":{"start":{"line":11,"column":0},"end":{"line":11,"column":36}},"5":{"start":{"line":13,"column":0},"end":{"line":13,"column":53}}},"fnMap":{},"branchMap":{},"s":{"0":0,"1":0,"2":0,"3":0,"4":0,"5":0},"f":{},"b":{}}
,"/home/qibla/Projects/assignments/mern/mern-server/models/TagModel.js": {"path":"/home/qibla/Projects/assignments/mern/mern-server/models/TagModel.js","statementMap":{"0":{"start":{"line":1,"column":17},"end":{"line":1,"column":36}},"1":{"start":{"line":2,"column":15},"end":{"line":2,"column":30}},"2":{"start":{"line":3,"column":25},"end":{"line":3,"column":56}},"3":{"start":{"line":5,"column":18},"end":{"line":11,"column":2}},"4":{"start":{"line":13,"column":0},"end":{"line":13,"column":34}},"5":{"start":{"line":15,"column":0},"end":{"line":15,"column":49}}},"fnMap":{},"branchMap":{},"s":{"0":0,"1":0,"2":0,"3":0,"4":0,"5":0},"f":{},"b":{}}
,"/home/qibla/Projects/assignments/mern/mern-server/routes/clients.js": {"path":"/home/qibla/Projects/assignments/mern/mern-server/routes/clients.js","statementMap":{"0":{"start":{"line":1,"column":16},"end":{"line":1,"column":34}},"1":{"start":{"line":2,"column":15},"end":{"line":2,"column":31}},"2":{"start":{"line":3,"column":16},"end":{"line":3,"column":48}},"3":{"start":{"line":5,"column":0},"end":{"line":17,"column":2}},"4":{"start":{"line":6,"column":20},"end":{"line":9,"column":5}},"5":{"start":{"line":10,"column":4},"end":{"line":16,"column":5}},"6":{"start":{"line":11,"column":19},"end":{"line":11,"column":36}},"7":{"start":{"line":13,"column":17},"end":{"line":15,"column":10}},"8":{"start":{"line":19,"column":0},"end":{"line":27,"column":2}},"9":{"start":{"line":20,"column":4},"end":{"line":26,"column":5}},"10":{"start":{"line":21,"column":14},"end":{"line":21,"column":27}},"11":{"start":{"line":23,"column":17},"end":{"line":25,"column":10}},"12":{"start":{"line":29,"column":0},"end":{"line":29,"column":23}}},"fnMap":{"0":{"name":"(anonymous_0)","decl":{"start":{"line":5,"column":16},"end":{"line":5,"column":17}},"loc":{"start":{"line":5,"column":30},"end":{"line":17,"column":1}},"line":5},"1":{"name":"(anonymous_1)","decl":{"start":{"line":11,"column":8},"end":{"line":11,"column":9}},"loc":{"start":{"line":11,"column":19},"end":{"line":11,"column":36}},"line":11},"2":{"name":"(anonymous_2)","decl":{"start":{"line":13,"column":8},"end":{"line":13,"column":9}},"loc":{"start":{"line":13,"column":17},"end":{"line":15,"column":10}},"line":13},"3":{"name":"(anonymous_3)","decl":{"start":{"line":19,"column":22},"end":{"line":19,"column":23}},"loc":{"start":{"line":19,"column":36},"end":{"line":27,"column":1}},"line":19},"4":{"name":"(anonymous_4)","decl":{"start":{"line":21,"column":8},"end":{"line":21,"column":9}},"loc":{"start":{"line":21,"column":14},"end":{"line":21,"column":27}},"line":21},"5":{"name":"(anonymous_5)","decl":{"start":{"line":23,"column":8},"end":{"line":23,"column":9}},"loc":{"start":{"line":23,"column":17},"end":{"line":25,"column":10}},"line":23}},"branchMap":{},"s":{"0":0,"1":0,"2":0,"3":0,"4":0,"5":0,"6":0,"7":0,"8":0,"9":0,"10":0,"11":0,"12":0},"f":{"0":0,"1":0,"2":0,"3":0,"4":0,"5":0},"b":{}}
,"/home/qibla/Projects/assignments/mern/mern-server/routes/photos.js": {"path":"/home/qibla/Projects/assignments/mern/mern-server/routes/photos.js","statementMap":{"0":{"start":{"line":1,"column":16},"end":{"line":1,"column":34}},"1":{"start":{"line":2,"column":15},"end":{"line":2,"column":31}},"2":{"start":{"line":3,"column":24},"end":{"line":3,"column":64}},"3":{"start":{"line":4,"column":24},"end":{"line":4,"column":59}},"4":{"start":{"line":5,"column":20},"end":{"line":5,"column":51}},"5":{"start":{"line":6,"column":19},"end":{"line":6,"column":55}},"6":{"start":{"line":7,"column":18},"end":{"line":7,"column":47}},"7":{"start":{"line":9,"column":0},"end":{"line":11,"column":2}},"8":{"start":{"line":10,"column":4},"end":{"line":10,"column":29}},"9":{"start":{"line":13,"column":0},"end":{"line":15,"column":2}},"10":{"start":{"line":14,"column":4},"end":{"line":14,"column":29}},"11":{"start":{"line":17,"column":0},"end":{"line":19,"column":2}},"12":{"start":{"line":18,"column":4},"end":{"line":18,"column":64}},"13":{"start":{"line":21,"column":0},"end":{"line":23,"column":2}},"14":{"start":{"line":22,"column":4},"end":{"line":22,"column":25}},"15":{"start":{"line":25,"column":0},"end":{"line":27,"column":2}},"16":{"start":{"line":26,"column":4},"end":{"line":26,"column":24}},"17":{"start":{"line":29,"column":0},"end":{"line":31,"column":2}},"18":{"start":{"line":30,"column":4},"end":{"line":30,"column":23}},"19":{"start":{"line":33,"column":0},"end":{"line":33,"column":23}}},"fnMap":{"0":{"name":"(anonymous_0)","decl":{"start":{"line":9,"column":16},"end":{"line":9,"column":17}},"loc":{"start":{"line":9,"column":30},"end":{"line":11,"column":1}},"line":9},"1":{"name":"(anonymous_1)","decl":{"start":{"line":13,"column":20},"end":{"line":13,"column":21}},"loc":{"start":{"line":13,"column":34},"end":{"line":15,"column":1}},"line":13},"2":{"name":"(anonymous_2)","decl":{"start":{"line":17,"column":26},"end":{"line":17,"column":27}},"loc":{"start":{"line":17,"column":40},"end":{"line":19,"column":1}},"line":17},"3":{"name":"(anonymous_3)","decl":{"start":{"line":21,"column":22},"end":{"line":21,"column":23}},"loc":{"start":{"line":21,"column":36},"end":{"line":23,"column":1}},"line":21},"4":{"name":"(anonymous_4)","decl":{"start":{"line":25,"column":24},"end":{"line":25,"column":25}},"loc":{"start":{"line":25,"column":44},"end":{"line":27,"column":1}},"line":25},"5":{"name":"(anonymous_5)","decl":{"start":{"line":29,"column":35},"end":{"line":29,"column":36}},"loc":{"start":{"line":29,"column":49},"end":{"line":31,"column":1}},"line":29}},"branchMap":{},"s":{"0":0,"1":0,"2":0,"3":0,"4":0,"5":0,"6":0,"7":0,"8":0,"9":0,"10":0,"11":0,"12":0,"13":0,"14":0,"15":0,"16":0,"17":0,"18":0,"19":0},"f":{"0":0,"1":0,"2":0,"3":0,"4":0,"5":0},"b":{}}
,"/home/qibla/Projects/assignments/mern/mern-server/routes/tags.js": {"path":"/home/qibla/Projects/assignments/mern/mern-server/routes/tags.js","statementMap":{"0":{"start":{"line":1,"column":16},"end":{"line":1,"column":34}},"1":{"start":{"line":2,"column":15},"end":{"line":2,"column":31}},"2":{"start":{"line":3,"column":24},"end":{"line":3,"column":61}},"3":{"start":{"line":4,"column":22},"end":{"line":4,"column":53}},"4":{"start":{"line":5,"column":19},"end":{"line":5,"column":51}},"5":{"start":{"line":6,"column":21},"end":{"line":6,"column":51}},"6":{"start":{"line":7,"column":20},"end":{"line":7,"column":49}},"7":{"start":{"line":8,"column":16},"end":{"line":8,"column":41}},"8":{"start":{"line":9,"column":21},"end":{"line":9,"column":51}},"9":{"start":{"line":10,"column":18},"end":{"line":10,"column":45}},"10":{"start":{"line":11,"column":22},"end":{"line":11,"column":53}},"11":{"start":{"line":13,"column":0},"end":{"line":15,"column":2}},"12":{"start":{"line":14,"column":2},"end":{"line":14,"column":27}},"13":{"start":{"line":17,"column":0},"end":{"line":19,"column":2}},"14":{"start":{"line":18,"column":2},"end":{"line":18,"column":25}},"15":{"start":{"line":21,"column":0},"end":{"line":23,"column":2}},"16":{"start":{"line":22,"column":2},"end":{"line":22,"column":22}},"17":{"start":{"line":25,"column":0},"end":{"line":27,"column":2}},"18":{"start":{"line":26,"column":2},"end":{"line":26,"column":24}},"19":{"start":{"line":29,"column":0},"end":{"line":31,"column":2}},"20":{"start":{"line":30,"column":2},"end":{"line":30,"column":23}},"21":{"start":{"line":33,"column":0},"end":{"line":35,"column":2}},"22":{"start":{"line":34,"column":2},"end":{"line":34,"column":19}},"23":{"start":{"line":37,"column":0},"end":{"line":39,"column":2}},"24":{"start":{"line":38,"column":2},"end":{"line":38,"column":24}},"25":{"start":{"line":41,"column":0},"end":{"line":43,"column":2}},"26":{"start":{"line":42,"column":2},"end":{"line":42,"column":25}},"27":{"start":{"line":45,"column":0},"end":{"line":47,"column":2}},"28":{"start":{"line":46,"column":2},"end":{"line":46,"column":21}},"29":{"start":{"line":49,"column":0},"end":{"line":49,"column":23}}},"fnMap":{"0":{"name":"(anonymous_0)","decl":{"start":{"line":13,"column":16},"end":{"line":13,"column":17}},"loc":{"start":{"line":13,"column":30},"end":{"line":15,"column":1}},"line":13},"1":{"name":"(anonymous_1)","decl":{"start":{"line":17,"column":20},"end":{"line":17,"column":21}},"loc":{"start":{"line":17,"column":34},"end":{"line":19,"column":1}},"line":17},"2":{"name":"(anonymous_2)","decl":{"start":{"line":21,"column":24},"end":{"line":21,"column":25}},"loc":{"start":{"line":21,"column":38},"end":{"line":23,"column":1}},"line":21},"3":{"name":"(anonymous_3)","decl":{"start":{"line":25,"column":38},"end":{"line":25,"column":39}},"loc":{"start":{"line":25,"column":52},"end":{"line":27,"column":1}},"line":25},"4":{"name":"(anonymous_4)","decl":{"start":{"line":29,"column":33},"end":{"line":29,"column":34}},"loc":{"start":{"line":29,"column":47},"end":{"line":31,"column":1}},"line":29},"5":{"name":"(anonymous_5)","decl":{"start":{"line":33,"column":33},"end":{"line":33,"column":34}},"loc":{"start":{"line":33,"column":47},"end":{"line":35,"column":1}},"line":33},"6":{"name":"(anonymous_6)","decl":{"start":{"line":37,"column":34},"end":{"line":37,"column":35}},"loc":{"start":{"line":37,"column":48},"end":{"line":39,"column":1}},"line":37},"7":{"name":"(anonymous_7)","decl":{"start":{"line":41,"column":35},"end":{"line":41,"column":36}},"loc":{"start":{"line":41,"column":49},"end":{"line":43,"column":1}},"line":41},"8":{"name":"(anonymous_8)","decl":{"start":{"line":45,"column":23},"end":{"line":45,"column":24}},"loc":{"start":{"line":45,"column":37},"end":{"line":47,"column":1}},"line":45}},"branchMap":{},"s":{"0":0,"1":0,"2":0,"3":0,"4":0,"5":0,"6":0,"7":0,"8":0,"9":0,"10":0,"11":0,"12":0,"13":0,"14":0,"15":0,"16":0,"17":0,"18":0,"19":0,"20":0,"21":0,"22":0,"23":0,"24":0,"25":0,"26":0,"27":0,"28":0,"29":0},"f":{"0":0,"1":0,"2":0,"3":0,"4":0,"5":0,"6":0,"7":0,"8":0},"b":{}}
,"/home/qibla/Projects/assignments/mern/mern-server/routes/photos/avgPhotos.js": {"path":"/home/qibla/Projects/assignments/mern/mern-server/routes/photos/avgPhotos.js","statementMap":{"0":{"start":{"line":1,"column":15},"end":{"line":1,"column":49}},"1":{"start":{"line":3,"column":0},"end":{"line":10,"column":1}},"2":{"start":{"line":4,"column":4},"end":{"line":4,"column":27}},"3":{"start":{"line":5,"column":4},"end":{"line":9,"column":10}},"4":{"start":{"line":7,"column":12},"end":{"line":7,"column":51}},"5":{"start":{"line":8,"column":12},"end":{"line":8,"column":28}}},"fnMap":{"0":{"name":"(anonymous_0)","decl":{"start":{"line":3,"column":17},"end":{"line":3,"column":18}},"loc":{"start":{"line":3,"column":31},"end":{"line":10,"column":1}},"line":3},"1":{"name":"(anonymous_1)","decl":{"start":{"line":6,"column":14},"end":{"line":6,"column":15}},"loc":{"start":{"line":6,"column":24},"end":{"line":9,"column":9}},"line":6}},"branchMap":{},"s":{"0":0,"1":0,"2":0,"3":0,"4":0,"5":0},"f":{"0":0,"1":0},"b":{}}
,"/home/qibla/Projects/assignments/mern/mern-server/routes/photos/deletePhoto.js": {"path":"/home/qibla/Projects/assignments/mern/mern-server/routes/photos/deletePhoto.js","statementMap":{"0":{"start":{"line":1,"column":15},"end":{"line":1,"column":49}},"1":{"start":{"line":3,"column":0},"end":{"line":11,"column":1}},"2":{"start":{"line":4,"column":4},"end":{"line":10,"column":5}},"3":{"start":{"line":5,"column":14},"end":{"line":5,"column":27}},"4":{"start":{"line":7,"column":17},"end":{"line":9,"column":10}}},"fnMap":{"0":{"name":"(anonymous_0)","decl":{"start":{"line":3,"column":17},"end":{"line":3,"column":18}},"loc":{"start":{"line":3,"column":31},"end":{"line":11,"column":1}},"line":3},"1":{"name":"(anonymous_1)","decl":{"start":{"line":5,"column":8},"end":{"line":5,"column":9}},"loc":{"start":{"line":5,"column":14},"end":{"line":5,"column":27}},"line":5},"2":{"name":"(anonymous_2)","decl":{"start":{"line":7,"column":8},"end":{"line":7,"column":9}},"loc":{"start":{"line":7,"column":17},"end":{"line":9,"column":10}},"line":7}},"branchMap":{},"s":{"0":0,"1":0,"2":0,"3":0,"4":0},"f":{"0":0,"1":0,"2":0},"b":{}}
,"/home/qibla/Projects/assignments/mern/mern-server/routes/photos/graphStatsPhotos.js": {"path":"/home/qibla/Projects/assignments/mern/mern-server/routes/photos/graphStatsPhotos.js","statementMap":{"0":{"start":{"line":1,"column":15},"end":{"line":1,"column":49}},"1":{"start":{"line":2,"column":15},"end":{"line":2,"column":32}},"2":{"start":{"line":4,"column":0},"end":{"line":56,"column":1}},"3":{"start":{"line":5,"column":4},"end":{"line":55,"column":45}},"4":{"start":{"line":35,"column":8},"end":{"line":35,"column":26}},"5":{"start":{"line":36,"column":21},"end":{"line":36,"column":23}},"6":{"start":{"line":37,"column":8},"end":{"line":52,"column":9}},"7":{"start":{"line":37,"column":23},"end":{"line":37,"column":39}},"8":{"start":{"line":38,"column":28},"end":{"line":38,"column":81}},"9":{"start":{"line":39,"column":12},"end":{"line":39,"column":34}},"10":{"start":{"line":40,"column":28},"end":{"line":40,"column":33}},"11":{"start":{"line":41,"column":12},"end":{"line":48,"column":13}},"12":{"start":{"line":42,"column":16},"end":{"line":47,"column":17}},"13":{"start":{"line":45,"column":20},"end":{"line":45,"column":36}},"14":{"start":{"line":46,"column":20},"end":{"line":46,"column":43}},"15":{"start":{"line":49,"column":12},"end":{"line":51,"column":13}},"16":{"start":{"line":50,"column":16},"end":{"line":50,"column":30}},"17":{"start":{"line":53,"column":8},"end":{"line":53,"column":27}},"18":{"start":{"line":54,"column":8},"end":{"line":54,"column":24}},"19":{"start":{"line":55,"column":20},"end":{"line":55,"column":44}}},"fnMap":{"0":{"name":"(anonymous_0)","decl":{"start":{"line":4,"column":17},"end":{"line":4,"column":18}},"loc":{"start":{"line":4,"column":37},"end":{"line":56,"column":1}},"line":4},"1":{"name":"(anonymous_1)","decl":{"start":{"line":34,"column":11},"end":{"line":34,"column":12}},"loc":{"start":{"line":34,"column":20},"end":{"line":55,"column":5}},"line":34},"2":{"name":"(anonymous_2)","decl":{"start":{"line":55,"column":13},"end":{"line":55,"column":14}},"loc":{"start":{"line":55,"column":20},"end":{"line":55,"column":44}},"line":55}},"branchMap":{"0":{"loc":{"start":{"line":42,"column":16},"end":{"line":47,"column":17}},"type":"if","locations":[{"start":{"line":42,"column":16},"end":{"line":47,"column":17}},{"start":{"line":42,"column":16},"end":{"line":47,"column":17}}],"line":42},"1":{"loc":{"start":{"line":42,"column":20},"end":{"line":44,"column":60}},"type":"binary-expr","locations":[{"start":{"line":42,"column":20},"end":{"line":42,"column":61}},{"start":{"line":43,"column":20},"end":{"line":43,"column":66}},{"start":{"line":44,"column":20},"end":{"line":44,"column":60}}],"line":42},"2":{"loc":{"start":{"line":49,"column":12},"end":{"line":51,"column":13}},"type":"if","locations":[{"start":{"line":49,"column":12},"end":{"line":51,"column":13}},{"start":{"line":49,"column":12},"end":{"line":51,"column":13}}],"line":49}},"s":{"0":0,"1":0,"2":0,"3":0,"4":0,"5":0,"6":0,"7":0,"8":0,"9":0,"10":0,"11":0,"12":0,"13":0,"14":0,"15":0,"16":0,"17":0,"18":0,"19":0},"f":{"0":0,"1":0,"2":0},"b":{"0":[0,0],"1":[0,0,0],"2":[0,0]}}
,"/home/qibla/Projects/assignments/mern/mern-server/routes/photos/individualPhoto.js": {"path":"/home/qibla/Projects/assignments/mern/mern-server/routes/photos/individualPhoto.js","statementMap":{"0":{"start":{"line":1,"column":15},"end":{"line":1,"column":49}},"1":{"start":{"line":3,"column":0},"end":{"line":11,"column":1}},"2":{"start":{"line":4,"column":4},"end":{"line":10,"column":9}},"3":{"start":{"line":5,"column":23},"end":{"line":5,"column":38}},"4":{"start":{"line":7,"column":12},"end":{"line":9,"column":14}}},"fnMap":{"0":{"name":"(anonymous_0)","decl":{"start":{"line":3,"column":17},"end":{"line":3,"column":18}},"loc":{"start":{"line":3,"column":31},"end":{"line":11,"column":1}},"line":3},"1":{"name":"(anonymous_1)","decl":{"start":{"line":5,"column":14},"end":{"line":5,"column":15}},"loc":{"start":{"line":5,"column":23},"end":{"line":5,"column":38}},"line":5},"2":{"name":"(anonymous_2)","decl":{"start":{"line":6,"column":15},"end":{"line":6,"column":16}},"loc":{"start":{"line":7,"column":12},"end":{"line":9,"column":14}},"line":7}},"branchMap":{},"s":{"0":0,"1":0,"2":0,"3":0,"4":0},"f":{"0":0,"1":0,"2":0},"b":{}}
,"/home/qibla/Projects/assignments/mern/mern-server/routes/photos/paginatedFilterPhoto.js": {"path":"/home/qibla/Projects/assignments/mern/mern-server/routes/photos/paginatedFilterPhoto.js","statementMap":{"0":{"start":{"line":1,"column":15},"end":{"line":1,"column":49}},"1":{"start":{"line":3,"column":0},"end":{"line":25,"column":1}},"2":{"start":{"line":4,"column":20},"end":{"line":7,"column":5}},"3":{"start":{"line":8,"column":4},"end":{"line":8,"column":24}},"4":{"start":{"line":9,"column":4},"end":{"line":9,"column":51}},"5":{"start":{"line":11,"column":4},"end":{"line":17,"column":5}},"6":{"start":{"line":12,"column":19},"end":{"line":12,"column":44}},"7":{"start":{"line":13,"column":8},"end":{"line":15,"column":10}},"8":{"start":{"line":14,"column":12},"end":{"line":14,"column":80}},"9":{"start":{"line":16,"column":8},"end":{"line":16,"column":31}},"10":{"start":{"line":18,"column":4},"end":{"line":24,"column":5}},"11":{"start":{"line":19,"column":18},"end":{"line":19,"column":34}},"12":{"start":{"line":21,"column":17},"end":{"line":23,"column":10}}},"fnMap":{"0":{"name":"(anonymous_0)","decl":{"start":{"line":3,"column":17},"end":{"line":3,"column":18}},"loc":{"start":{"line":3,"column":31},"end":{"line":25,"column":1}},"line":3},"1":{"name":"(anonymous_1)","decl":{"start":{"line":13,"column":24},"end":{"line":13,"column":25}},"loc":{"start":{"line":13,"column":31},"end":{"line":15,"column":9}},"line":13},"2":{"name":"(anonymous_2)","decl":{"start":{"line":19,"column":8},"end":{"line":19,"column":9}},"loc":{"start":{"line":19,"column":18},"end":{"line":19,"column":34}},"line":19},"3":{"name":"(anonymous_3)","decl":{"start":{"line":21,"column":8},"end":{"line":21,"column":9}},"loc":{"start":{"line":21,"column":17},"end":{"line":23,"column":10}},"line":21}},"branchMap":{"0":{"loc":{"start":{"line":11,"column":4},"end":{"line":17,"column":5}},"type":"if","locations":[{"start":{"line":11,"column":4},"end":{"line":17,"column":5}},{"start":{"line":11,"column":4},"end":{"line":17,"column":5}}],"line":11}},"s":{"0":0,"1":0,"2":0,"3":0,"4":0,"5":0,"6":0,"7":0,"8":0,"9":0,"10":0,"11":0,"12":0},"f":{"0":0,"1":0,"2":0,"3":0},"b":{"0":[0,0]}}
,"/home/qibla/Projects/assignments/mern/mern-server/routes/tags/avgTags.js": {"path":"/home/qibla/Projects/assignments/mern/mern-server/routes/tags/avgTags.js","statementMap":{"0":{"start":{"line":1,"column":13},"end":{"line":1,"column":45}},"1":{"start":{"line":3,"column":0},"end":{"line":10,"column":1}},"2":{"start":{"line":4,"column":4},"end":{"line":4,"column":27}},"3":{"start":{"line":5,"column":4},"end":{"line":9,"column":10}},"4":{"start":{"line":7,"column":12},"end":{"line":7,"column":49}},"5":{"start":{"line":8,"column":12},"end":{"line":8,"column":28}}},"fnMap":{"0":{"name":"(anonymous_0)","decl":{"start":{"line":3,"column":17},"end":{"line":3,"column":18}},"loc":{"start":{"line":3,"column":31},"end":{"line":10,"column":1}},"line":3},"1":{"name":"(anonymous_1)","decl":{"start":{"line":6,"column":14},"end":{"line":6,"column":15}},"loc":{"start":{"line":6,"column":22},"end":{"line":9,"column":9}},"line":6}},"branchMap":{},"s":{"0":0,"1":0,"2":0,"3":0,"4":0,"5":0},"f":{"0":0,"1":0},"b":{}}
,"/home/qibla/Projects/assignments/mern/mern-server/routes/tags/deleteTag.js": {"path":"/home/qibla/Projects/assignments/mern/mern-server/routes/tags/deleteTag.js","statementMap":{"0":{"start":{"line":1,"column":13},"end":{"line":1,"column":45}},"1":{"start":{"line":3,"column":0},"end":{"line":11,"column":1}},"2":{"start":{"line":4,"column":4},"end":{"line":10,"column":9}},"3":{"start":{"line":5,"column":20},"end":{"line":5,"column":33}},"4":{"start":{"line":7,"column":12},"end":{"line":9,"column":14}}},"fnMap":{"0":{"name":"(anonymous_0)","decl":{"start":{"line":3,"column":17},"end":{"line":3,"column":18}},"loc":{"start":{"line":3,"column":31},"end":{"line":11,"column":1}},"line":3},"1":{"name":"(anonymous_1)","decl":{"start":{"line":5,"column":14},"end":{"line":5,"column":15}},"loc":{"start":{"line":5,"column":20},"end":{"line":5,"column":33}},"line":5},"2":{"name":"(anonymous_2)","decl":{"start":{"line":6,"column":15},"end":{"line":6,"column":16}},"loc":{"start":{"line":7,"column":12},"end":{"line":9,"column":14}},"line":7}},"branchMap":{},"s":{"0":0,"1":0,"2":0,"3":0,"4":0},"f":{"0":0,"1":0,"2":0},"b":{}}
,"/home/qibla/Projects/assignments/mern/mern-server/routes/tags/graphStatsTags.js": {"path":"/home/qibla/Projects/assignments/mern/mern-server/routes/tags/graphStatsTags.js","statementMap":{"0":{"start":{"line":1,"column":13},"end":{"line":1,"column":45}},"1":{"start":{"line":2,"column":15},"end":{"line":2,"column":32}},"2":{"start":{"line":4,"column":0},"end":{"line":56,"column":1}},"3":{"start":{"line":5,"column":4},"end":{"line":55,"column":45}},"4":{"start":{"line":35,"column":8},"end":{"line":35,"column":26}},"5":{"start":{"line":36,"column":21},"end":{"line":36,"column":23}},"6":{"start":{"line":37,"column":8},"end":{"line":52,"column":9}},"7":{"start":{"line":37,"column":23},"end":{"line":37,"column":39}},"8":{"start":{"line":38,"column":28},"end":{"line":38,"column":81}},"9":{"start":{"line":39,"column":12},"end":{"line":39,"column":34}},"10":{"start":{"line":40,"column":28},"end":{"line":40,"column":33}},"11":{"start":{"line":41,"column":12},"end":{"line":48,"column":13}},"12":{"start":{"line":42,"column":16},"end":{"line":47,"column":17}},"13":{"start":{"line":45,"column":20},"end":{"line":45,"column":36}},"14":{"start":{"line":46,"column":20},"end":{"line":46,"column":43}},"15":{"start":{"line":49,"column":12},"end":{"line":51,"column":13}},"16":{"start":{"line":50,"column":16},"end":{"line":50,"column":30}},"17":{"start":{"line":53,"column":8},"end":{"line":53,"column":27}},"18":{"start":{"line":54,"column":8},"end":{"line":54,"column":24}},"19":{"start":{"line":55,"column":20},"end":{"line":55,"column":44}}},"fnMap":{"0":{"name":"(anonymous_0)","decl":{"start":{"line":4,"column":17},"end":{"line":4,"column":18}},"loc":{"start":{"line":4,"column":37},"end":{"line":56,"column":1}},"line":4},"1":{"name":"(anonymous_1)","decl":{"start":{"line":34,"column":11},"end":{"line":34,"column":12}},"loc":{"start":{"line":34,"column":20},"end":{"line":55,"column":5}},"line":34},"2":{"name":"(anonymous_2)","decl":{"start":{"line":55,"column":13},"end":{"line":55,"column":14}},"loc":{"start":{"line":55,"column":20},"end":{"line":55,"column":44}},"line":55}},"branchMap":{"0":{"loc":{"start":{"line":42,"column":16},"end":{"line":47,"column":17}},"type":"if","locations":[{"start":{"line":42,"column":16},"end":{"line":47,"column":17}},{"start":{"line":42,"column":16},"end":{"line":47,"column":17}}],"line":42},"1":{"loc":{"start":{"line":42,"column":20},"end":{"line":44,"column":60}},"type":"binary-expr","locations":[{"start":{"line":42,"column":20},"end":{"line":42,"column":61}},{"start":{"line":43,"column":20},"end":{"line":43,"column":66}},{"start":{"line":44,"column":20},"end":{"line":44,"column":60}}],"line":42},"2":{"loc":{"start":{"line":49,"column":12},"end":{"line":51,"column":13}},"type":"if","locations":[{"start":{"line":49,"column":12},"end":{"line":51,"column":13}},{"start":{"line":49,"column":12},"end":{"line":51,"column":13}}],"line":49}},"s":{"0":0,"1":0,"2":0,"3":0,"4":0,"5":0,"6":0,"7":0,"8":0,"9":0,"10":0,"11":0,"12":0,"13":0,"14":0,"15":0,"16":0,"17":0,"18":0,"19":0},"f":{"0":0,"1":0,"2":0},"b":{"0":[0,0],"1":[0,0,0],"2":[0,0]}}
,"/home/qibla/Projects/assignments/mern/mern-server/routes/tags/imageFromTag.js": {"path":"/home/qibla/Projects/assignments/mern/mern-server/routes/tags/imageFromTag.js","statementMap":{"0":{"start":{"line":1,"column":13},"end":{"line":1,"column":45}},"1":{"start":{"line":3,"column":0},"end":{"line":11,"column":1}},"2":{"start":{"line":4,"column":4},"end":{"line":10,"column":9}},"3":{"start":{"line":5,"column":24},"end":{"line":5,"column":40}},"4":{"start":{"line":7,"column":12},"end":{"line":9,"column":14}}},"fnMap":{"0":{"name":"(anonymous_0)","decl":{"start":{"line":3,"column":17},"end":{"line":3,"column":18}},"loc":{"start":{"line":3,"column":31},"end":{"line":11,"column":1}},"line":3},"1":{"name":"(anonymous_1)","decl":{"start":{"line":5,"column":14},"end":{"line":5,"column":15}},"loc":{"start":{"line":5,"column":24},"end":{"line":5,"column":40}},"line":5},"2":{"name":"(anonymous_2)","decl":{"start":{"line":6,"column":15},"end":{"line":6,"column":16}},"loc":{"start":{"line":7,"column":12},"end":{"line":9,"column":14}},"line":7}},"branchMap":{},"s":{"0":0,"1":0,"2":0,"3":0,"4":0},"f":{"0":0,"1":0,"2":0},"b":{}}
,"/home/qibla/Projects/assignments/mern/mern-server/routes/tags/individualTag.js": {"path":"/home/qibla/Projects/assignments/mern/mern-server/routes/tags/individualTag.js","statementMap":{"0":{"start":{"line":1,"column":13},"end":{"line":1,"column":45}},"1":{"start":{"line":3,"column":0},"end":{"line":11,"column":1}},"2":{"start":{"line":4,"column":4},"end":{"line":10,"column":9}},"3":{"start":{"line":5,"column":21},"end":{"line":5,"column":34}},"4":{"start":{"line":7,"column":12},"end":{"line":9,"column":14}}},"fnMap":{"0":{"name":"(anonymous_0)","decl":{"start":{"line":3,"column":17},"end":{"line":3,"column":18}},"loc":{"start":{"line":3,"column":31},"end":{"line":11,"column":1}},"line":3},"1":{"name":"(anonymous_1)","decl":{"start":{"line":5,"column":14},"end":{"line":5,"column":15}},"loc":{"start":{"line":5,"column":21},"end":{"line":5,"column":34}},"line":5},"2":{"name":"(anonymous_2)","decl":{"start":{"line":6,"column":15},"end":{"line":6,"column":16}},"loc":{"start":{"line":7,"column":12},"end":{"line":9,"column":14}},"line":7}},"branchMap":{},"s":{"0":0,"1":0,"2":0,"3":0,"4":0},"f":{"0":0,"1":0,"2":0},"b":{}}
,"/home/qibla/Projects/assignments/mern/mern-server/routes/tags/paginatedFilterTags.js": {"path":"/home/qibla/Projects/assignments/mern/mern-server/routes/tags/paginatedFilterTags.js","statementMap":{"0":{"start":{"line":1,"column":13},"end":{"line":1,"column":45}},"1":{"start":{"line":3,"column":0},"end":{"line":21,"column":1}},"2":{"start":{"line":4,"column":20},"end":{"line":7,"column":5}},"3":{"start":{"line":8,"column":4},"end":{"line":8,"column":24}},"4":{"start":{"line":9,"column":4},"end":{"line":9,"column":51}},"5":{"start":{"line":11,"column":4},"end":{"line":13,"column":5}},"6":{"start":{"line":12,"column":8},"end":{"line":12,"column":64}},"7":{"start":{"line":14,"column":4},"end":{"line":20,"column":5}},"8":{"start":{"line":15,"column":18},"end":{"line":15,"column":34}},"9":{"start":{"line":17,"column":17},"end":{"line":19,"column":10}}},"fnMap":{"0":{"name":"(anonymous_0)","decl":{"start":{"line":3,"column":17},"end":{"line":3,"column":18}},"loc":{"start":{"line":3,"column":31},"end":{"line":21,"column":1}},"line":3},"1":{"name":"(anonymous_1)","decl":{"start":{"line":15,"column":8},"end":{"line":15,"column":9}},"loc":{"start":{"line":15,"column":18},"end":{"line":15,"column":34}},"line":15},"2":{"name":"(anonymous_2)","decl":{"start":{"line":17,"column":8},"end":{"line":17,"column":9}},"loc":{"start":{"line":17,"column":17},"end":{"line":19,"column":10}},"line":17}},"branchMap":{"0":{"loc":{"start":{"line":11,"column":4},"end":{"line":13,"column":5}},"type":"if","locations":[{"start":{"line":11,"column":4},"end":{"line":13,"column":5}},{"start":{"line":11,"column":4},"end":{"line":13,"column":5}}],"line":11}},"s":{"0":0,"1":0,"2":0,"3":0,"4":0,"5":0,"6":0,"7":0,"8":0,"9":0},"f":{"0":0,"1":0,"2":0},"b":{"0":[0,0]}}
,"/home/qibla/Projects/assignments/mern/mern-server/routes/tags/popularTags.js": {"path":"/home/qibla/Projects/assignments/mern/mern-server/routes/tags/popularTags.js","statementMap":{"0":{"start":{"line":1,"column":13},"end":{"line":1,"column":45}},"1":{"start":{"line":3,"column":0},"end":{"line":10,"column":1}},"2":{"start":{"line":4,"column":4},"end":{"line":4,"column":27}},"3":{"start":{"line":5,"column":4},"end":{"line":9,"column":10}},"4":{"start":{"line":7,"column":12},"end":{"line":7,"column":41}},"5":{"start":{"line":8,"column":12},"end":{"line":8,"column":29}}},"fnMap":{"0":{"name":"(anonymous_0)","decl":{"start":{"line":3,"column":17},"end":{"line":3,"column":18}},"loc":{"start":{"line":3,"column":31},"end":{"line":10,"column":1}},"line":3},"1":{"name":"(anonymous_1)","decl":{"start":{"line":6,"column":14},"end":{"line":6,"column":15}},"loc":{"start":{"line":6,"column":25},"end":{"line":9,"column":9}},"line":6}},"branchMap":{},"s":{"0":0,"1":0,"2":0,"3":0,"4":0,"5":0},"f":{"0":0,"1":0},"b":{}}
,"/home/qibla/Projects/assignments/mern/mern-server/routes/tags/relatedImages.js": {"path":"/home/qibla/Projects/assignments/mern/mern-server/routes/tags/relatedImages.js","statementMap":{"0":{"start":{"line":1,"column":13},"end":{"line":1,"column":45}},"1":{"start":{"line":3,"column":0},"end":{"line":11,"column":1}},"2":{"start":{"line":4,"column":4},"end":{"line":10,"column":9}},"3":{"start":{"line":5,"column":24},"end":{"line":5,"column":40}},"4":{"start":{"line":7,"column":12},"end":{"line":9,"column":14}}},"fnMap":{"0":{"name":"(anonymous_0)","decl":{"start":{"line":3,"column":17},"end":{"line":3,"column":18}},"loc":{"start":{"line":3,"column":31},"end":{"line":11,"column":1}},"line":3},"1":{"name":"(anonymous_1)","decl":{"start":{"line":5,"column":14},"end":{"line":5,"column":15}},"loc":{"start":{"line":5,"column":24},"end":{"line":5,"column":40}},"line":5},"2":{"name":"(anonymous_2)","decl":{"start":{"line":6,"column":15},"end":{"line":6,"column":16}},"loc":{"start":{"line":7,"column":12},"end":{"line":9,"column":14}},"line":7}},"branchMap":{},"s":{"0":0,"1":0,"2":0,"3":0,"4":0},"f":{"0":0,"1":0,"2":0},"b":{}}
,"/home/qibla/Projects/assignments/mern/mern-server/routes/tags/trendingTags.js": {"path":"/home/qibla/Projects/assignments/mern/mern-server/routes/tags/trendingTags.js","statementMap":{"0":{"start":{"line":1,"column":13},"end":{"line":1,"column":45}},"1":{"start":{"line":3,"column":0},"end":{"line":21,"column":1}},"2":{"start":{"line":4,"column":4},"end":{"line":4,"column":27}},"3":{"start":{"line":5,"column":4},"end":{"line":20,"column":10}},"4":{"start":{"line":18,"column":12},"end":{"line":18,"column":41}},"5":{"start":{"line":19,"column":12},"end":{"line":19,"column":29}}},"fnMap":{"0":{"name":"(anonymous_0)","decl":{"start":{"line":3,"column":17},"end":{"line":3,"column":18}},"loc":{"start":{"line":3,"column":31},"end":{"line":21,"column":1}},"line":3},"1":{"name":"(anonymous_1)","decl":{"start":{"line":17,"column":14},"end":{"line":17,"column":15}},"loc":{"start":{"line":17,"column":25},"end":{"line":20,"column":9}},"line":17}},"branchMap":{},"s":{"0":0,"1":0,"2":0,"3":0,"4":0,"5":0},"f":{"0":0,"1":0},"b":{}}
}
